生成启动时间为 2015/11/30 11:05:05。
     1>项目“C:\Users\dell\Desktop\面向对象作业\myMVC\myMVC\myMVC.vcxproj”在节点 2 上(Build 个目标)。
     1>ClCompile:
         D:\开发程序客户端\VC\bin\CL.exe /c /ZI /nologo /W3 /WX- /sdl /Od /Oy- /D WIN32 /D _DEBUG /D _CONSOLE /D _LIB /D _UNICODE /D UNICODE /Gm /EHsc /RTC1 /MDd /GS /fp:precise /Zc:wchar_t /Zc:forScope /Yu"stdafx.h" /Fp"Debug\myMVC.pch" /Fo"Debug\\" /Fd"Debug\vc120.pdb" /Gd /TP /analyze- /errorReport:prompt Controller.cpp Sphere.cpp TextView.cpp myMVC.cpp
         Controller.cpp
         正在生成代码...
         正在编译...
         myMVC.cpp
         Sphere.cpp
         正在生成代码...
         正在跳过...(未检测到相关更改)
         TextView.cpp
       Link:
         D:\开发程序客户端\VC\bin\link.exe /ERRORREPORT:PROMPT /OUT:"C:\Users\dell\Desktop\面向对象作业\myMVC\Debug\myMVC.exe" /INCREMENTAL /NOLOGO kernel32.lib user32.lib gdi32.lib winspool.lib comdlg32.lib advapi32.lib shell32.lib ole32.lib oleaut32.lib uuid.lib odbc32.lib odbccp32.lib /MANIFEST /MANIFESTUAC:"level='asInvoker' uiAccess='false'" /manifest:embed /DEBUG /PDB:"C:\Users\dell\Desktop\面向对象作业\myMVC\Debug\myMVC.pdb" /SUBSYSTEM:CONSOLE /TLBID:1 /DYNAMICBASE /NXCOMPAT /IMPLIB:"C:\Users\dell\Desktop\面向对象作业\myMVC\Debug\myMVC.lib" /MACHINE:X86 Debug\myMVC.res
         Debug\Controller.obj
         Debug\GraphicsView.obj
         Debug\myMVC.obj
         Debug\Observable.obj
         Debug\Observer.obj
         Debug\Sphere.obj
         Debug\stdafx.obj
         Debug\TextView.obj
         myMVC.vcxproj -> C:\Users\dell\Desktop\面向对象作业\myMVC\Debug\myMVC.exe
     1>已完成生成项目“C:\Users\dell\Desktop\面向对象作业\myMVC\myMVC\myMVC.vcxproj”(Build 个目标)的操作。

生成成功。

已用时间 00:00:00.71
